16:33:23 INFO  : Registering command handlers for SDK TCF services
16:33:23 INFO  : Launching XSCT server: xsct.bat -interactive D:\Vivado\ADC\ADC.sdk\temp_xsdb_launch_script.tcl
16:33:26 INFO  : XSCT server has started successfully.
16:33:27 INFO  : Successfully done setting XSCT server connection channel  
16:33:27 INFO  : Processing command line option -hwspec D:/Vivado/ADC/ADC.sdk/adc_wrapper.hdf.
16:33:27 INFO  : Successfully done setting SDK workspace  
16:36:47 INFO  : Connected to target on host '127.0.0.1' and port '3121'.
16:36:47 INFO  : 'targets -set -filter {jtag_cable_name =~ "xilinx tul 1234-tulA" && level==0} -index 0' command is executed.
16:36:49 INFO  : FPGA configured successfully with bitstream "D:/Vivado/ADC/ADC.sdk/adc_wrapper_hw_platform_0/download.bit"
16:37:36 INFO  : 'targets -set -filter {jtag_cable_name =~ "xilinx tul 1234-tulA" && level==0} -index 0' command is executed.
16:37:36 INFO  : 'fpga -state' command is executed.
16:37:36 INFO  : Connected to target on host '127.0.0.1' and port '3121'.
16:37:36 INFO  : Jtag cable 'xilinx tul 1234-tulA' is selected.
16:37:36 INFO  : 'jtag frequency' command is executed.
16:37:36 INFO  : 'configparams mdm-detect-bscan-mask 2' command is executed.
16:37:36 INFO  : Context for processor 'microblaze_0' is selected.
16:37:37 INFO  : Processor reset is completed for 'microblaze_0'.
16:37:37 INFO  : Context for processor 'microblaze_0' is selected.
16:37:37 INFO  : The application 'D:/Vivado/ADC/ADC.sdk/nn/Debug/nn.elf' is downloaded to processor 'microblaze_0'.
16:37:37 INFO  : ----------------XSDB Script----------------
connect -url tcp:127.0.0.1:3121
configparams mdm-detect-bscan-mask 2
targets -set -nocase -filter {name =~ "microblaze*#0" && bscan=="USER2"  && jtag_cable_name =~ "xilinx tul 1234-tulA"} -index 0
rst -processor
targets -set -nocase -filter {name =~ "microblaze*#0" && bscan=="USER2"  && jtag_cable_name =~ "xilinx tul 1234-tulA"} -index 0
dow D:/Vivado/ADC/ADC.sdk/nn/Debug/nn.elf
----------------End of Script----------------

16:37:37 INFO  : Memory regions updated for context PA
16:37:37 INFO  : Memory regions updated for context PA
16:37:37 INFO  : Context for processor 'microblaze_0' is selected.
16:37:37 INFO  : 'con' command is executed.
16:37:37 INFO  : ----------------XSDB Script (After Launch)----------------
targets -set -nocase -filter {name =~ "microblaze*#0" && bscan=="USER2"  && jtag_cable_name =~ "xilinx tul 1234-tulA"} -index 0
con
----------------End of Script----------------

16:37:37 INFO  : Launch script is exported to file 'D:\Vivado\ADC\ADC.sdk\.sdk\launch_scripts\xilinx_c-c++_application_(system_debugger)\system_debugger_using_debug_nn.elf_on_local.tcl'
17:10:37 INFO  : Disconnected from the channel tcfchan#1.
15:09:17 INFO  : Registering command handlers for SDK TCF services
15:09:17 INFO  : Launching XSCT server: xsct.bat -interactive D:\Vivado\ADC\ADC.sdk\temp_xsdb_launch_script.tcl
15:09:21 INFO  : XSCT server has started successfully.
15:09:21 INFO  : Successfully done setting XSCT server connection channel  
15:09:21 INFO  : Successfully done setting SDK workspace  
15:09:21 INFO  : Processing command line option -hwspec D:/Vivado/ADC/ADC.sdk/adc_wrapper.hdf.
15:09:21 INFO  : Checking for hwspec changes in the project adc_wrapper_hw_platform_0.
15:37:28 INFO  : Connected to target on host '127.0.0.1' and port '3121'.
15:37:29 INFO  : 'targets -set -filter {jtag_cable_name =~ "xilinx tul 1234-tulA" && level==0} -index 0' command is executed.
15:37:30 INFO  : FPGA configured successfully with bitstream "D:/Vivado/ADC/ADC.sdk/adc_wrapper_hw_platform_0/download.bit"
15:37:38 INFO  : 'targets -set -filter {jtag_cable_name =~ "xilinx tul 1234-tulA" && level==0} -index 0' command is executed.
15:37:38 INFO  : 'fpga -state' command is executed.
15:37:38 INFO  : Connected to target on host '127.0.0.1' and port '3121'.
15:37:38 INFO  : Jtag cable 'xilinx tul 1234-tulA' is selected.
15:37:38 INFO  : 'jtag frequency' command is executed.
15:37:38 INFO  : 'configparams mdm-detect-bscan-mask 2' command is executed.
15:37:38 INFO  : Context for processor 'microblaze_0' is selected.
15:37:38 INFO  : Processor reset is completed for 'microblaze_0'.
15:37:38 INFO  : Context for processor 'microblaze_0' is selected.
15:37:39 INFO  : The application 'D:/Vivado/ADC/ADC.sdk/nn/Debug/nn.elf' is downloaded to processor 'microblaze_0'.
15:37:39 INFO  : ----------------XSDB Script----------------
connect -url tcp:127.0.0.1:3121
configparams mdm-detect-bscan-mask 2
targets -set -nocase -filter {name =~ "microblaze*#0" && bscan=="USER2"  && jtag_cable_name =~ "xilinx tul 1234-tulA"} -index 0
rst -processor
targets -set -nocase -filter {name =~ "microblaze*#0" && bscan=="USER2"  && jtag_cable_name =~ "xilinx tul 1234-tulA"} -index 0
dow D:/Vivado/ADC/ADC.sdk/nn/Debug/nn.elf
----------------End of Script----------------

15:37:39 INFO  : Memory regions updated for context PA
15:37:39 INFO  : Memory regions updated for context PA
15:37:39 INFO  : Context for processor 'microblaze_0' is selected.
15:37:39 INFO  : 'con' command is executed.
15:37:39 INFO  : ----------------XSDB Script (After Launch)----------------
targets -set -nocase -filter {name =~ "microblaze*#0" && bscan=="USER2"  && jtag_cable_name =~ "xilinx tul 1234-tulA"} -index 0
con
----------------End of Script----------------

15:37:39 INFO  : Launch script is exported to file 'D:\Vivado\ADC\ADC.sdk\.sdk\launch_scripts\xilinx_c-c++_application_(system_debugger)\system_debugger_using_debug_nn.elf_on_local.tcl'
18:26:49 INFO  : Disconnected from the channel tcfchan#1.
13:11:25 INFO  : Registering command handlers for SDK TCF services
13:11:26 INFO  : Launching XSCT server: xsct.bat -interactive D:\Vivado\ADC\ADC.sdk\temp_xsdb_launch_script.tcl
13:11:29 INFO  : XSCT server has started successfully.
13:11:30 INFO  : Successfully done setting XSCT server connection channel  
13:11:30 INFO  : Successfully done setting SDK workspace  
13:11:30 INFO  : Processing command line option -hwspec D:/Vivado/ADC/ADC.sdk/adc_wrapper.hdf.
13:11:30 INFO  : Checking for hwspec changes in the project adc_wrapper_hw_platform_0.
13:15:40 INFO  : Connected to target on host '127.0.0.1' and port '3121'.
13:15:41 INFO  : 'targets -set -filter {jtag_cable_name =~ "xilinx tul 1234-tulA" && level==0} -index 0' command is executed.
13:15:42 INFO  : FPGA configured successfully with bitstream "D:/Vivado/ADC/ADC.sdk/adc_wrapper_hw_platform_0/download.bit"
13:16:05 INFO  : 'targets -set -filter {jtag_cable_name =~ "xilinx tul 1234-tulA" && level==0} -index 0' command is executed.
13:16:05 INFO  : 'fpga -state' command is executed.
13:16:05 INFO  : Connected to target on host '127.0.0.1' and port '3121'.
13:16:05 INFO  : Jtag cable 'xilinx tul 1234-tulA' is selected.
13:16:05 INFO  : 'jtag frequency' command is executed.
13:16:05 INFO  : 'configparams mdm-detect-bscan-mask 2' command is executed.
13:16:05 INFO  : Context for processor 'microblaze_0' is selected.
13:16:05 INFO  : Processor reset is completed for 'microblaze_0'.
13:16:05 INFO  : Context for processor 'microblaze_0' is selected.
13:16:05 INFO  : The application 'D:/Vivado/ADC/ADC.sdk/nn/Debug/nn.elf' is downloaded to processor 'microblaze_0'.
13:16:05 INFO  : ----------------XSDB Script----------------
connect -url tcp:127.0.0.1:3121
configparams mdm-detect-bscan-mask 2
targets -set -nocase -filter {name =~ "microblaze*#0" && bscan=="USER2"  && jtag_cable_name =~ "xilinx tul 1234-tulA"} -index 0
rst -processor
targets -set -nocase -filter {name =~ "microblaze*#0" && bscan=="USER2"  && jtag_cable_name =~ "xilinx tul 1234-tulA"} -index 0
dow D:/Vivado/ADC/ADC.sdk/nn/Debug/nn.elf
----------------End of Script----------------

13:16:05 INFO  : Memory regions updated for context PA
13:16:05 INFO  : Memory regions updated for context PA
13:16:06 INFO  : Context for processor 'microblaze_0' is selected.
13:16:06 INFO  : 'con' command is executed.
13:16:06 INFO  : ----------------XSDB Script (After Launch)----------------
targets -set -nocase -filter {name =~ "microblaze*#0" && bscan=="USER2"  && jtag_cable_name =~ "xilinx tul 1234-tulA"} -index 0
con
----------------End of Script----------------

13:16:06 INFO  : Launch script is exported to file 'D:\Vivado\ADC\ADC.sdk\.sdk\launch_scripts\xilinx_c-c++_application_(system_debugger)\system_debugger_using_debug_nn.elf_on_local.tcl'
13:22:18 INFO  : Connected to target on host '127.0.0.1' and port '3121'.
13:22:18 INFO  : 'targets -set -filter {jtag_cable_name =~ "xilinx tul 1234-tulA" && level==0} -index 0' command is executed.
13:22:19 INFO  : FPGA configured successfully with bitstream "D:/Vivado/ADC/ADC.sdk/adc_wrapper_hw_platform_0/download.bit"
13:22:50 INFO  : Disconnected from the channel tcfchan#1.
13:22:51 INFO  : 'targets -set -filter {jtag_cable_name =~ "xilinx tul 1234-tulA" && level==0} -index 0' command is executed.
13:22:51 INFO  : 'fpga -state' command is executed.
13:22:51 INFO  : Connected to target on host '127.0.0.1' and port '3121'.
13:22:51 INFO  : Jtag cable 'xilinx tul 1234-tulA' is selected.
13:22:51 INFO  : 'jtag frequency' command is executed.
13:22:51 INFO  : 'configparams mdm-detect-bscan-mask 2' command is executed.
13:22:51 INFO  : Context for processor 'microblaze_0' is selected.
13:22:51 INFO  : Processor reset is completed for 'microblaze_0'.
13:22:51 INFO  : Context for processor 'microblaze_0' is selected.
13:22:52 INFO  : The application 'D:/Vivado/ADC/ADC.sdk/nn/Debug/nn.elf' is downloaded to processor 'microblaze_0'.
13:22:52 INFO  : ----------------XSDB Script----------------
connect -url tcp:127.0.0.1:3121
configparams mdm-detect-bscan-mask 2
targets -set -nocase -filter {name =~ "microblaze*#0" && bscan=="USER2"  && jtag_cable_name =~ "xilinx tul 1234-tulA"} -index 0
rst -processor
targets -set -nocase -filter {name =~ "microblaze*#0" && bscan=="USER2"  && jtag_cable_name =~ "xilinx tul 1234-tulA"} -index 0
dow D:/Vivado/ADC/ADC.sdk/nn/Debug/nn.elf
----------------End of Script----------------

13:22:52 INFO  : Memory regions updated for context PA
13:22:52 INFO  : Memory regions updated for context PA
13:22:52 INFO  : Context for processor 'microblaze_0' is selected.
13:22:52 INFO  : 'con' command is executed.
13:22:52 INFO  : ----------------XSDB Script (After Launch)----------------
targets -set -nocase -filter {name =~ "microblaze*#0" && bscan=="USER2"  && jtag_cable_name =~ "xilinx tul 1234-tulA"} -index 0
con
----------------End of Script----------------

13:22:52 INFO  : Launch script is exported to file 'D:\Vivado\ADC\ADC.sdk\.sdk\launch_scripts\xilinx_c-c++_application_(system_debugger)\system_debugger_using_debug_nn.elf_on_local.tcl'
13:23:10 INFO  : Disconnected from the channel tcfchan#2.
13:23:11 INFO  : 'targets -set -filter {jtag_cable_name =~ "xilinx tul 1234-tulA" && level==0} -index 0' command is executed.
13:23:11 INFO  : 'fpga -state' command is executed.
13:23:11 INFO  : Connected to target on host '127.0.0.1' and port '3121'.
13:23:11 INFO  : Jtag cable 'xilinx tul 1234-tulA' is selected.
13:23:11 INFO  : 'jtag frequency' command is executed.
13:23:11 INFO  : 'configparams mdm-detect-bscan-mask 2' command is executed.
13:23:11 INFO  : Context for processor 'microblaze_0' is selected.
13:23:11 INFO  : Processor reset is completed for 'microblaze_0'.
13:23:11 INFO  : Context for processor 'microblaze_0' is selected.
13:23:11 INFO  : The application 'D:/Vivado/ADC/ADC.sdk/nn/Debug/nn.elf' is downloaded to processor 'microblaze_0'.
13:23:11 INFO  : ----------------XSDB Script----------------
connect -url tcp:127.0.0.1:3121
configparams mdm-detect-bscan-mask 2
targets -set -nocase -filter {name =~ "microblaze*#0" && bscan=="USER2"  && jtag_cable_name =~ "xilinx tul 1234-tulA"} -index 0
rst -processor
targets -set -nocase -filter {name =~ "microblaze*#0" && bscan=="USER2"  && jtag_cable_name =~ "xilinx tul 1234-tulA"} -index 0
dow D:/Vivado/ADC/ADC.sdk/nn/Debug/nn.elf
----------------End of Script----------------

13:23:11 INFO  : Memory regions updated for context PA
13:23:11 INFO  : Memory regions updated for context PA
13:23:11 INFO  : Context for processor 'microblaze_0' is selected.
13:23:11 INFO  : 'con' command is executed.
13:23:11 INFO  : ----------------XSDB Script (After Launch)----------------
targets -set -nocase -filter {name =~ "microblaze*#0" && bscan=="USER2"  && jtag_cable_name =~ "xilinx tul 1234-tulA"} -index 0
con
----------------End of Script----------------

13:23:11 INFO  : Launch script is exported to file 'D:\Vivado\ADC\ADC.sdk\.sdk\launch_scripts\xilinx_c-c++_application_(system_debugger)\system_debugger_using_debug_nn.elf_on_local.tcl'
13:24:37 INFO  : Disconnected from the channel tcfchan#3.
13:29:32 INFO  : Registering command handlers for SDK TCF services
13:29:32 INFO  : Launching XSCT server: xsct.bat -interactive D:\Vivado\ADC\ADC.sdk\temp_xsdb_launch_script.tcl
13:29:34 INFO  : XSCT server has started successfully.
13:29:34 INFO  : Successfully done setting XSCT server connection channel  
13:29:35 INFO  : Successfully done setting SDK workspace  
13:29:35 INFO  : Processing command line option -hwspec D:/Vivado/ADC/ADC.sdk/adc_wrapper.hdf.
13:29:35 INFO  : Checking for hwspec changes in the project adc_wrapper_hw_platform_0.
13:30:22 INFO  : Connected to target on host '127.0.0.1' and port '3121'.
13:30:22 INFO  : 'targets -set -filter {jtag_cable_name =~ "xilinx tul 1234-tulA" && level==0} -index 0' command is executed.
13:30:23 INFO  : FPGA configured successfully with bitstream "D:/Vivado/ADC/ADC.sdk/adc_wrapper_hw_platform_0/download.bit"
13:31:00 INFO  : 'targets -set -filter {jtag_cable_name =~ "xilinx tul 1234-tulA" && level==0} -index 0' command is executed.
13:31:00 INFO  : 'fpga -state' command is executed.
13:31:00 INFO  : Connected to target on host '127.0.0.1' and port '3121'.
13:31:00 INFO  : Jtag cable 'xilinx tul 1234-tulA' is selected.
13:31:00 INFO  : 'jtag frequency' command is executed.
13:31:00 INFO  : 'configparams mdm-detect-bscan-mask 2' command is executed.
13:31:00 INFO  : Context for processor 'microblaze_0' is selected.
13:31:00 INFO  : Processor reset is completed for 'microblaze_0'.
13:31:00 INFO  : Context for processor 'microblaze_0' is selected.
13:31:00 INFO  : The application 'D:/Vivado/ADC/ADC.sdk/nn/Debug/nn.elf' is downloaded to processor 'microblaze_0'.
13:31:00 INFO  : ----------------XSDB Script----------------
connect -url tcp:127.0.0.1:3121
configparams mdm-detect-bscan-mask 2
targets -set -nocase -filter {name =~ "microblaze*#0" && bscan=="USER2"  && jtag_cable_name =~ "xilinx tul 1234-tulA"} -index 0
rst -processor
targets -set -nocase -filter {name =~ "microblaze*#0" && bscan=="USER2"  && jtag_cable_name =~ "xilinx tul 1234-tulA"} -index 0
dow D:/Vivado/ADC/ADC.sdk/nn/Debug/nn.elf
----------------End of Script----------------

13:31:00 INFO  : Memory regions updated for context PA
13:31:00 INFO  : Memory regions updated for context PA
13:31:00 INFO  : Context for processor 'microblaze_0' is selected.
13:31:00 INFO  : 'con' command is executed.
13:31:00 INFO  : ----------------XSDB Script (After Launch)----------------
targets -set -nocase -filter {name =~ "microblaze*#0" && bscan=="USER2"  && jtag_cable_name =~ "xilinx tul 1234-tulA"} -index 0
con
----------------End of Script----------------

13:31:00 INFO  : Launch script is exported to file 'D:\Vivado\ADC\ADC.sdk\.sdk\launch_scripts\xilinx_c-c++_application_(system_debugger)\system_debugger_using_debug_nn.elf_on_local.tcl'
13:31:48 INFO  : Disconnected from the channel tcfchan#1.
